  autofit.c
  ftbase.c
  ftbbox.c
  ftbdf.c
  ftbitmap.c
  ftcid.c
  ftfstype.c
  ftgasp.c
  ftglyph.c
  ftgxval.c
  ftinit.c
  ftmm.c
  ftotval.c
  ftpatent.c
  ftpfr.c
  ftstroke.c
  ftsynth.c
  ftsystem.c
  fttype1.c
  ftwinfnt.c
  bdf.c
  ftcache.c
  cff.c
  type1cid.c
  ftgzip.c
  ftlzw.c
  pcf.c
  pfr.c
  psaux.c
  pshinter.c
  psmodule.c
C:\freetype\src\base\ftstroke.c(1116,1): warning C4701: potentially uninitialized local variable 'sigma' used
C:\freetype\src\base\ftstroke.c(1021,1): warning C4701: potentially uninitialized local variable 'sigma' used
  raster.c
  sfnt.c
  smooth.c
  truetype.c
  type1.c
  type42.c
C:\freetype\src\psaux\t1decode.c(1992,23): warning C4267: '=': conversion from 'size_t' to 'FT_Int', possible loss of data
  (compiling source file '../../../src/psaux/psaux.c')
  
  winfnt.c
C:\freetype\src\psaux\psintrp.c(1005,25): warning C4267: '=': conversion from 'size_t' to 'FT_Fast', possible loss of data
  (compiling source file '../../../src/psaux/psaux.c')
  
C:\freetype\src\sfnt\sfdriver.c(859,13): warning C4267: '=': conversion from 'size_t' to 'FT_UInt', possible loss of data
  (compiling source file '../../../src/sfnt/sfnt.c')
  
C:\freetype\src\sfnt\sfdriver.c(1010,36): warning C4244: 'function': conversion from '__int64' to 'const unsigned int', possible loss of data
  (compiling source file '../../../src/sfnt/sfnt.c')
  
C:\freetype\src\truetype\ttgload.c(1901,23): warning C4312: 'type cast': conversion from 'unsigned long' to 'void *' of greater size
  (compiling source file '../../../src/truetype/truetype.c')
  
C:\freetype\src\type1\t1driver.c(276,48): warning C4267: '=': conversion from 'size_t' to 'FT_ULong', possible loss of data
  (compiling source file '../../../src/type1/type1.c')
  
C:\freetype\src\type1\t1driver.c(297,55): warning C4267: '=': conversion from 'size_t' to 'FT_ULong', possible loss of data
  (compiling source file '../../../src/type1/type1.c')
  
C:\freetype\src\type1\t1driver.c(329,62): warning C4267: '=': conversion from 'size_t' to 'FT_ULong', possible loss of data
  (compiling source file '../../../src/type1/type1.c')
  
C:\freetype\src\type1\t1driver.c(359,19): warning C4267: '=': conversion from 'size_t' to 'FT_UInt', possible loss of data
  (compiling source file '../../../src/type1/type1.c')
  
C:\freetype\src\type1\t1driver.c(568,56): warning C4267: '=': conversion from 'size_t' to 'FT_ULong', possible loss of data
  (compiling source file '../../../src/type1/type1.c')
  
C:\freetype\src\type1\t1driver.c(577,55): warning C4267: '=': conversion from 'size_t' to 'FT_ULong', possible loss of data
  (compiling source file '../../../src/type1/type1.c')
  
C:\freetype\src\type1\t1driver.c(586,58): warning C4267: '=': conversion from 'size_t' to 'FT_ULong', possible loss of data
  (compiling source file '../../../src/type1/type1.c')
  
C:\freetype\src\type1\t1driver.c(595,60): warning C4267: '=': conversion from 'size_t' to 'FT_ULong', possible loss of data
  (compiling source file '../../../src/type1/type1.c')
  
C:\freetype\src\type1\t1driver.c(605,55): warning C4267: '=': conversion from 'size_t' to 'FT_ULong', possible loss of data
  (compiling source file '../../../src/type1/type1.c')
  
C:\freetype\src\sfnt\sfwoff2.c(317,37): warning C4100: 'src_size': unreferenced formal parameter
  (compiling source file '../../../src/sfnt/sfnt.c')
  
C:\freetype\src\sfnt\sfwoff2.c(316,37): warning C4100: 'src': unreferenced formal parameter
  (compiling source file '../../../src/sfnt/sfnt.c')
  
C:\freetype\src\sfnt\sfwoff2.c(315,37): warning C4100: 'dst_size': unreferenced formal parameter
  (compiling source file '../../../src/sfnt/sfnt.c')
  
C:\freetype\src\sfnt\sfwoff2.c(314,37): warning C4100: 'dst': unreferenced formal parameter
  (compiling source file '../../../src/sfnt/sfnt.c')
  
C:\freetype\src\type42\t42parse.c(832,62): warning C4244: '=': conversion from '__int64' to 'FT_Int', possible loss of data
  (compiling source file '../../../src/type42/type42.c')
  
C:\freetype\src\type1\t1load.c(1761,64): warning C4244: '=': conversion from '__int64' to 'FT_Int', possible loss of data
  (compiling source file '../../../src/type1/type1.c')
  
C:\freetype\src\smooth\ftgrays.c(1703,20): warning C4267: '+=': conversion from 'size_t' to 'TCoord', possible loss of data
  (compiling source file '../../../src/smooth/smooth.c')
  
C:\freetype\src\type1\t1load.c(1931,36): warning C4244: '=': conversion from '__int64' to 'FT_Int', possible loss of data
  (compiling source file '../../../src/type1/type1.c')
  
C:\freetype\src\truetype\ttgxvar.c(2237,1): warning C4701: potentially uninitialized local variable 'fvar_head' used
  ftdebug.c
     Creating library ..\..\..\objs\x64\Debug\freetype.lib and object ..\..\..\objs\x64\Debug\freetype.exp
  freetype.vcxproj -> C:\freetype\objs\x64\Debug\freetype.dll
